Creating new cluster 9.3/regress ...
  config /tmp/pg_virtualenv.S7496y/postgresql/9.3/regress
  data   /tmp/pg_virtualenv.S7496y/data/9.3/regress
  locale en_GB.UTF-8
Warning: The socket directory for owners other than 'postgres'
defaults to /tmp. You might want to change the unix_socket_directories parameter
in postgresql.conf to a more secure directory.
  port   5438
Executing (default): CREATE TABLE IF NOT EXISTS "events" ("id"   SERIAL , "name" VARCHAR(255), "capacity" INTEGER, "createdAt" TIMESTAMP WITH TIME ZONE NOT NULL, "updatedAt" TIMESTAMP WITH TIME ZONE NOT NULL, PRIMARY KEY ("id"));
Executing (default): SELECT i.relname AS name, ix.indisprimary AS primary, ix.indisunique AS unique, ix.indkey AS indkey, array_agg(a.attnum) as column_indexes, array_agg(a.attname) AS column_names, pg_get_indexdef(ix.indexrelid) AS definition FROM pg_class t, pg_class i, pg_index ix, pg_attribute a WHERE t.oid = ix.indrelid AND i.oid = ix.indexrelid AND a.attrelid = t.oid AND t.relkind = 'r' and t.relname = 'events' GROUP BY i.relname, ix.indexrelid, ix.indisprimary, ix.indisunique, ix.indkey ORDER BY i.relname;
Executing (default): CREATE TABLE IF NOT EXISTS "tickets" ("id"   SERIAL , "eventId" INTEGER REFERENCES "events" ("id"), "createdAt" TIMESTAMP WITH TIME ZONE NOT NULL, "updatedAt" TIMESTAMP WITH TIME ZONE NOT NULL, PRIMARY KEY ("id"));
Executing (default): SELECT i.relname AS name, ix.indisprimary AS primary, ix.indisunique AS unique, ix.indkey AS indkey, array_agg(a.attnum) as column_indexes, array_agg(a.attname) AS column_names, pg_get_indexdef(ix.indexrelid) AS definition FROM pg_class t, pg_class i, pg_index ix, pg_attribute a WHERE t.oid = ix.indrelid AND i.oid = ix.indexrelid AND a.attrelid = t.oid AND t.relkind = 'r' and t.relname = 'tickets' GROUP BY i.relname, ix.indexrelid, ix.indisprimary, ix.indisunique, ix.indkey ORDER BY i.relname;
Executing (default): CREATE INDEX "tickets_event_id" ON "tickets" ("eventId")
Executing (default): CREATE TABLE IF NOT EXISTS "transactions" ("id"   SERIAL , "ticketId" INTEGER REFERENCES "tickets" ("id"), "createdAt" TIMESTAMP WITH TIME ZONE NOT NULL, "updatedAt" TIMESTAMP WITH TIME ZONE NOT NULL, PRIMARY KEY ("id"));
Executing (default): SELECT i.relname AS name, ix.indisprimary AS primary, ix.indisunique AS unique, ix.indkey AS indkey, array_agg(a.attnum) as column_indexes, array_agg(a.attname) AS column_names, pg_get_indexdef(ix.indexrelid) AS definition FROM pg_class t, pg_class i, pg_index ix, pg_attribute a WHERE t.oid = ix.indrelid AND i.oid = ix.indexrelid AND a.attrelid = t.oid AND t.relkind = 'r' and t.relname = 'transactions' GROUP BY i.relname, ix.indexrelid, ix.indisprimary, ix.indisunique, ix.indkey ORDER BY i.relname;
Executing (default): INSERT INTO "events" ("id","name","capacity","createdAt","updatedAt") VALUES (DEFAULT,'Event 1',3,'2016-05-17 15:59:30.243 +00:00','2016-05-17 15:59:30.243 +00:00') RETURNING *;
Executing (default): INSERT INTO "events" ("id","name","capacity","createdAt","updatedAt") VALUES (DEFAULT,'Event 2',3,'2016-05-17 15:59:30.244 +00:00','2016-05-17 15:59:30.244 +00:00') RETURNING *;
Executing (default): INSERT INTO "events" ("id","name","capacity","createdAt","updatedAt") VALUES (DEFAULT,'Event 3',3,'2016-05-17 15:59:30.244 +00:00','2016-05-17 15:59:30.244 +00:00') RETURNING *;
Executing (default): INSERT INTO "events" ("id","name","capacity","createdAt","updatedAt") VALUES (DEFAULT,'Event 4',3,'2016-05-17 15:59:30.244 +00:00','2016-05-17 15:59:30.244 +00:00') RETURNING *;
Executing (default): INSERT INTO "events" ("id","name","capacity","createdAt","updatedAt") VALUES (DEFAULT,'Event 5',3,'2016-05-17 15:59:30.245 +00:00','2016-05-17 15:59:30.245 +00:00') RETURNING *;
Executing (default): INSERT INTO "events" ("id","name","capacity","createdAt","updatedAt") VALUES (DEFAULT,'Event 6',3,'2016-05-17 15:59:30.245 +00:00','2016-05-17 15:59:30.245 +00:00') RETURNING *;
Executing (default): INSERT INTO "events" ("id","name","capacity","createdAt","updatedAt") VALUES (DEFAULT,'Event 7',3,'2016-05-17 15:59:30.246 +00:00','2016-05-17 15:59:30.246 +00:00') RETURNING *;
Executing (default): INSERT INTO "tickets" ("id","eventId","createdAt","updatedAt") VALUES (DEFAULT,1,'2016-05-17 15:59:30.368 +00:00','2016-05-17 15:59:30.368 +00:00') RETURNING *;
Executing (default): INSERT INTO "tickets" ("id","eventId","createdAt","updatedAt") VALUES (DEFAULT,2,'2016-05-17 15:59:30.368 +00:00','2016-05-17 15:59:30.368 +00:00') RETURNING *;
Executing (default): INSERT INTO "tickets" ("id","eventId","createdAt","updatedAt") VALUES (DEFAULT,3,'2016-05-17 15:59:30.368 +00:00','2016-05-17 15:59:30.368 +00:00') RETURNING *;
Executing (default): INSERT INTO "tickets" ("id","eventId","createdAt","updatedAt") VALUES (DEFAULT,4,'2016-05-17 15:59:30.368 +00:00','2016-05-17 15:59:30.368 +00:00') RETURNING *;
Executing (default): INSERT INTO "tickets" ("id","eventId","createdAt","updatedAt") VALUES (DEFAULT,5,'2016-05-17 15:59:30.368 +00:00','2016-05-17 15:59:30.368 +00:00') RETURNING *;
Executing (default): INSERT INTO "tickets" ("id","eventId","createdAt","updatedAt") VALUES (DEFAULT,6,'2016-05-17 15:59:30.368 +00:00','2016-05-17 15:59:30.368 +00:00') RETURNING *;
Executing (default): INSERT INTO "tickets" ("id","eventId","createdAt","updatedAt") VALUES (DEFAULT,7,'2016-05-17 15:59:30.368 +00:00','2016-05-17 15:59:30.368 +00:00') RETURNING *;
Executing (b96822ce-aa58-4f1e-9c70-60f74def9bc4): START TRANSACTION;
Executing (8c8578be-b096-478b-a3f3-4726ecba5c1a): START TRANSACTION;
Executing (dec4d08c-707f-4f88-8d23-60cfbf7992ce): START TRANSACTION;
Executing (6bd73007-2f41-43c2-84f3-bed7abc550b2): START TRANSACTION;
Executing (37dc8349-f4ed-4699-b4e5-e1de66f17f8c): START TRANSACTION;
Executing (b96822ce-aa58-4f1e-9c70-60f74def9bc4): SET SESSION TRANSACTION ISOLATION LEVEL SERIALIZABLE;
Executing (8c8578be-b096-478b-a3f3-4726ecba5c1a): SET SESSION TRANSACTION ISOLATION LEVEL SERIALIZABLE;
Executing (dec4d08c-707f-4f88-8d23-60cfbf7992ce): SET SESSION TRANSACTION ISOLATION LEVEL SERIALIZABLE;
Executing (6bd73007-2f41-43c2-84f3-bed7abc550b2): SET SESSION TRANSACTION ISOLATION LEVEL SERIALIZABLE;
Executing (37dc8349-f4ed-4699-b4e5-e1de66f17f8c): SET SESSION TRANSACTION ISOLATION LEVEL SERIALIZABLE;
Executing (b96822ce-aa58-4f1e-9c70-60f74def9bc4): SET autocommit = 1;
Executing (8c8578be-b096-478b-a3f3-4726ecba5c1a): SET autocommit = 1;
Executing (dec4d08c-707f-4f88-8d23-60cfbf7992ce): SET autocommit = 1;
Executing (6bd73007-2f41-43c2-84f3-bed7abc550b2): SET autocommit = 1;
Executing (37dc8349-f4ed-4699-b4e5-e1de66f17f8c): SET autocommit = 1;
Executing (b96822ce-aa58-4f1e-9c70-60f74def9bc4): INSERT INTO "tickets" ("id","eventId","createdAt","updatedAt") VALUES (DEFAULT,1,'2016-05-17 15:59:30.446 +00:00','2016-05-17 15:59:30.446 +00:00') RETURNING *;
Executing (8c8578be-b096-478b-a3f3-4726ecba5c1a): INSERT INTO "tickets" ("id","eventId","createdAt","updatedAt") VALUES (DEFAULT,2,'2016-05-17 15:59:30.446 +00:00','2016-05-17 15:59:30.446 +00:00') RETURNING *;
Executing (dec4d08c-707f-4f88-8d23-60cfbf7992ce): INSERT INTO "tickets" ("id","eventId","createdAt","updatedAt") VALUES (DEFAULT,3,'2016-05-17 15:59:30.446 +00:00','2016-05-17 15:59:30.446 +00:00') RETURNING *;
Executing (6bd73007-2f41-43c2-84f3-bed7abc550b2): INSERT INTO "tickets" ("id","eventId","createdAt","updatedAt") VALUES (DEFAULT,4,'2016-05-17 15:59:30.446 +00:00','2016-05-17 15:59:30.446 +00:00') RETURNING *;
Executing (37dc8349-f4ed-4699-b4e5-e1de66f17f8c): INSERT INTO "tickets" ("id","eventId","createdAt","updatedAt") VALUES (DEFAULT,5,'2016-05-17 15:59:30.447 +00:00','2016-05-17 15:59:30.447 +00:00') RETURNING *;
Executing (b96822ce-aa58-4f1e-9c70-60f74def9bc4): SELECT
            events.id,
            events.capacity - COUNT(tickets.id) as count
        FROM events LEFT JOIN tickets
                ON tickets."eventId" = "events".id
        WHERE events.id = 1
        GROUP BY events.id, events.capacity
Executing (dec4d08c-707f-4f88-8d23-60cfbf7992ce): SELECT
            events.id,
            events.capacity - COUNT(tickets.id) as count
        FROM events LEFT JOIN tickets
                ON tickets."eventId" = "events".id
        WHERE events.id = 3
        GROUP BY events.id, events.capacity
Executing (8c8578be-b096-478b-a3f3-4726ecba5c1a): SELECT
            events.id,
            events.capacity - COUNT(tickets.id) as count
        FROM events LEFT JOIN tickets
                ON tickets."eventId" = "events".id
        WHERE events.id = 2
        GROUP BY events.id, events.capacity
Executing (37dc8349-f4ed-4699-b4e5-e1de66f17f8c): SELECT
            events.id,
            events.capacity - COUNT(tickets.id) as count
        FROM events LEFT JOIN tickets
                ON tickets."eventId" = "events".id
        WHERE events.id = 5
        GROUP BY events.id, events.capacity
Executing (6bd73007-2f41-43c2-84f3-bed7abc550b2): SELECT
            events.id,
            events.capacity - COUNT(tickets.id) as count
        FROM events LEFT JOIN tickets
                ON tickets."eventId" = "events".id
        WHERE events.id = 4
        GROUP BY events.id, events.capacity
{ id: 3, count: '1' }
{ id: 2, count: '1' }
{ id: 1, count: '1' }
Executing (dec4d08c-707f-4f88-8d23-60cfbf7992ce): INSERT INTO "transactions" ("id","ticketId","createdAt","updatedAt") VALUES (DEFAULT,10,'2016-05-17 15:59:30.499 +00:00','2016-05-17 15:59:30.499 +00:00') RETURNING *;
Executing (8c8578be-b096-478b-a3f3-4726ecba5c1a): INSERT INTO "transactions" ("id","ticketId","createdAt","updatedAt") VALUES (DEFAULT,9,'2016-05-17 15:59:30.499 +00:00','2016-05-17 15:59:30.499 +00:00') RETURNING *;
Executing (b96822ce-aa58-4f1e-9c70-60f74def9bc4): INSERT INTO "transactions" ("id","ticketId","createdAt","updatedAt") VALUES (DEFAULT,8,'2016-05-17 15:59:30.500 +00:00','2016-05-17 15:59:30.500 +00:00') RETURNING *;
{ id: 5, count: '1' }
{ id: 4, count: '1' }
Executing (dec4d08c-707f-4f88-8d23-60cfbf7992ce): COMMIT;
Executing (8c8578be-b096-478b-a3f3-4726ecba5c1a): COMMIT;
Executing (37dc8349-f4ed-4699-b4e5-e1de66f17f8c): INSERT INTO "transactions" ("id","ticketId","createdAt","updatedAt") VALUES (DEFAULT,11,'2016-05-17 15:59:30.515 +00:00','2016-05-17 15:59:30.515 +00:00') RETURNING *;
Executing (6bd73007-2f41-43c2-84f3-bed7abc550b2): INSERT INTO "transactions" ("id","ticketId","createdAt","updatedAt") VALUES (DEFAULT,12,'2016-05-17 15:59:30.515 +00:00','2016-05-17 15:59:30.515 +00:00') RETURNING *;
Executing (37dc8349-f4ed-4699-b4e5-e1de66f17f8c): COMMIT;
Executing (6bd73007-2f41-43c2-84f3-bed7abc550b2): COMMIT;
Executing (b96822ce-aa58-4f1e-9c70-60f74def9bc4): COMMIT;
Executing (15be1812-36c1-4b3d-9a52-7331057df9a5): START TRANSACTION;
Executing (15be1812-36c1-4b3d-9a52-7331057df9a5): SET SESSION TRANSACTION ISOLATION LEVEL SERIALIZABLE;
Executing (15be1812-36c1-4b3d-9a52-7331057df9a5): SET autocommit = 1;
Executing (15be1812-36c1-4b3d-9a52-7331057df9a5): INSERT INTO "tickets" ("id","eventId","createdAt","updatedAt") VALUES (DEFAULT,6,'2016-05-17 15:59:30.560 +00:00','2016-05-17 15:59:30.560 +00:00') RETURNING *;
Executing (15be1812-36c1-4b3d-9a52-7331057df9a5): SELECT
            events.id,
            events.capacity - COUNT(tickets.id) as count
        FROM events LEFT JOIN tickets
                ON tickets."eventId" = "events".id
        WHERE events.id = 6
        GROUP BY events.id, events.capacity
{ id: 6, count: '1' }
Executing (15be1812-36c1-4b3d-9a52-7331057df9a5): INSERT INTO "transactions" ("id","ticketId","createdAt","updatedAt") VALUES (DEFAULT,13,'2016-05-17 15:59:30.567 +00:00','2016-05-17 15:59:30.567 +00:00') RETURNING *;
Executing (15be1812-36c1-4b3d-9a52-7331057df9a5): COMMIT;
Executing (72fc6471-6858-46c5-a51d-1c6fd5940783): START TRANSACTION;
Executing (72fc6471-6858-46c5-a51d-1c6fd5940783): SET SESSION TRANSACTION ISOLATION LEVEL SERIALIZABLE;
Executing (72fc6471-6858-46c5-a51d-1c6fd5940783): SET autocommit = 1;
Executing (72fc6471-6858-46c5-a51d-1c6fd5940783): INSERT INTO "tickets" ("id","eventId","createdAt","updatedAt") VALUES (DEFAULT,7,'2016-05-17 15:59:30.610 +00:00','2016-05-17 15:59:30.610 +00:00') RETURNING *;
Executing (72fc6471-6858-46c5-a51d-1c6fd5940783): SELECT
            events.id,
            events.capacity - COUNT(tickets.id) as count
        FROM events LEFT JOIN tickets
                ON tickets."eventId" = "events".id
        WHERE events.id = 7
        GROUP BY events.id, events.capacity
{ id: 7, count: '1' }
Executing (72fc6471-6858-46c5-a51d-1c6fd5940783): INSERT INTO "transactions" ("id","ticketId","createdAt","updatedAt") VALUES (DEFAULT,14,'2016-05-17 15:59:30.615 +00:00','2016-05-17 15:59:30.615 +00:00') RETURNING *;
Executing (72fc6471-6858-46c5-a51d-1c6fd5940783): COMMIT;
Executing (default): SELECT "id", "eventId", "createdAt", "updatedAt" FROM "tickets" AS "ticket";
{ id: 1,
  eventId: 1,
  createdAt: Tue May 17 2016 23:59:30 GMT+0800 (MYT),
  updatedAt: Tue May 17 2016 23:59:30 GMT+0800 (MYT) }
{ id: 2,
  eventId: 2,
  createdAt: Tue May 17 2016 23:59:30 GMT+0800 (MYT),
  updatedAt: Tue May 17 2016 23:59:30 GMT+0800 (MYT) }
{ id: 3,
  eventId: 3,
  createdAt: Tue May 17 2016 23:59:30 GMT+0800 (MYT),
  updatedAt: Tue May 17 2016 23:59:30 GMT+0800 (MYT) }
{ id: 4,
  eventId: 4,
  createdAt: Tue May 17 2016 23:59:30 GMT+0800 (MYT),
  updatedAt: Tue May 17 2016 23:59:30 GMT+0800 (MYT) }
{ id: 5,
  eventId: 5,
  createdAt: Tue May 17 2016 23:59:30 GMT+0800 (MYT),
  updatedAt: Tue May 17 2016 23:59:30 GMT+0800 (MYT) }
{ id: 6,
  eventId: 6,
  createdAt: Tue May 17 2016 23:59:30 GMT+0800 (MYT),
  updatedAt: Tue May 17 2016 23:59:30 GMT+0800 (MYT) }
{ id: 7,
  eventId: 7,
  createdAt: Tue May 17 2016 23:59:30 GMT+0800 (MYT),
  updatedAt: Tue May 17 2016 23:59:30 GMT+0800 (MYT) }
{ id: 8,
  eventId: 1,
  createdAt: Tue May 17 2016 23:59:30 GMT+0800 (MYT),
  updatedAt: Tue May 17 2016 23:59:30 GMT+0800 (MYT) }
{ id: 9,
  eventId: 2,
  createdAt: Tue May 17 2016 23:59:30 GMT+0800 (MYT),
  updatedAt: Tue May 17 2016 23:59:30 GMT+0800 (MYT) }
{ id: 10,
  eventId: 3,
  createdAt: Tue May 17 2016 23:59:30 GMT+0800 (MYT),
  updatedAt: Tue May 17 2016 23:59:30 GMT+0800 (MYT) }
{ id: 11,
  eventId: 5,
  createdAt: Tue May 17 2016 23:59:30 GMT+0800 (MYT),
  updatedAt: Tue May 17 2016 23:59:30 GMT+0800 (MYT) }
{ id: 12,
  eventId: 4,
  createdAt: Tue May 17 2016 23:59:30 GMT+0800 (MYT),
  updatedAt: Tue May 17 2016 23:59:30 GMT+0800 (MYT) }
{ id: 13,
  eventId: 6,
  createdAt: Tue May 17 2016 23:59:30 GMT+0800 (MYT),
  updatedAt: Tue May 17 2016 23:59:30 GMT+0800 (MYT) }
{ id: 14,
  eventId: 7,
  createdAt: Tue May 17 2016 23:59:30 GMT+0800 (MYT),
  updatedAt: Tue May 17 2016 23:59:30 GMT+0800 (MYT) }
Stopping cluster 9.3/regress...
