Creating new cluster 9.3/regress ...
  config /tmp/pg_virtualenv.7TBRXk/postgresql/9.3/regress
  data   /tmp/pg_virtualenv.7TBRXk/data/9.3/regress
  locale en_GB.UTF-8
Warning: The socket directory for owners other than 'postgres'
defaults to /tmp. You might want to change the unix_socket_directories parameter
in postgresql.conf to a more secure directory.
  port   5433
Executing (default): CREATE TABLE IF NOT EXISTS "events" ("id"   SERIAL , "name" VARCHAR(255), "capacity" INTEGER, "createdAt" TIMESTAMP WITH TIME ZONE NOT NULL, "updatedAt" TIMESTAMP WITH TIME ZONE NOT NULL, PRIMARY KEY ("id"));
Executing (default): SELECT i.relname AS name, ix.indisprimary AS primary, ix.indisunique AS unique, ix.indkey AS indkey, array_agg(a.attnum) as column_indexes, array_agg(a.attname) AS column_names, pg_get_indexdef(ix.indexrelid) AS definition FROM pg_class t, pg_class i, pg_index ix, pg_attribute a WHERE t.oid = ix.indrelid AND i.oid = ix.indexrelid AND a.attrelid = t.oid AND t.relkind = 'r' and t.relname = 'events' GROUP BY i.relname, ix.indexrelid, ix.indisprimary, ix.indisunique, ix.indkey ORDER BY i.relname;
Executing (default): CREATE TABLE IF NOT EXISTS "tickets" ("id"   SERIAL , "eventId" INTEGER REFERENCES "events" ("id"), "createdAt" TIMESTAMP WITH TIME ZONE NOT NULL, "updatedAt" TIMESTAMP WITH TIME ZONE NOT NULL, PRIMARY KEY ("id"));
Executing (default): SELECT i.relname AS name, ix.indisprimary AS primary, ix.indisunique AS unique, ix.indkey AS indkey, array_agg(a.attnum) as column_indexes, array_agg(a.attname) AS column_names, pg_get_indexdef(ix.indexrelid) AS definition FROM pg_class t, pg_class i, pg_index ix, pg_attribute a WHERE t.oid = ix.indrelid AND i.oid = ix.indexrelid AND a.attrelid = t.oid AND t.relkind = 'r' and t.relname = 'tickets' GROUP BY i.relname, ix.indexrelid, ix.indisprimary, ix.indisunique, ix.indkey ORDER BY i.relname;
Executing (default): CREATE INDEX "tickets_event_id" ON "tickets" ("eventId")
Executing (default): CREATE TABLE IF NOT EXISTS "transactions" ("id"   SERIAL , "ticketId" INTEGER REFERENCES "tickets" ("id"), "createdAt" TIMESTAMP WITH TIME ZONE NOT NULL, "updatedAt" TIMESTAMP WITH TIME ZONE NOT NULL, PRIMARY KEY ("id"));
Executing (default): SELECT i.relname AS name, ix.indisprimary AS primary, ix.indisunique AS unique, ix.indkey AS indkey, array_agg(a.attnum) as column_indexes, array_agg(a.attname) AS column_names, pg_get_indexdef(ix.indexrelid) AS definition FROM pg_class t, pg_class i, pg_index ix, pg_attribute a WHERE t.oid = ix.indrelid AND i.oid = ix.indexrelid AND a.attrelid = t.oid AND t.relkind = 'r' and t.relname = 'transactions' GROUP BY i.relname, ix.indexrelid, ix.indisprimary, ix.indisunique, ix.indkey ORDER BY i.relname;
Executing (default): INSERT INTO "events" ("id","name","capacity","createdAt","updatedAt") VALUES (DEFAULT,'Event 1',3,'2016-05-17 15:58:49.392 +00:00','2016-05-17 15:58:49.392 +00:00') RETURNING *;
Executing (default): INSERT INTO "events" ("id","name","capacity","createdAt","updatedAt") VALUES (DEFAULT,'Event 2',3,'2016-05-17 15:58:49.393 +00:00','2016-05-17 15:58:49.393 +00:00') RETURNING *;
Executing (default): INSERT INTO "events" ("id","name","capacity","createdAt","updatedAt") VALUES (DEFAULT,'Event 3',3,'2016-05-17 15:58:49.393 +00:00','2016-05-17 15:58:49.393 +00:00') RETURNING *;
Executing (default): INSERT INTO "events" ("id","name","capacity","createdAt","updatedAt") VALUES (DEFAULT,'Event 4',3,'2016-05-17 15:58:49.394 +00:00','2016-05-17 15:58:49.394 +00:00') RETURNING *;
Executing (default): INSERT INTO "events" ("id","name","capacity","createdAt","updatedAt") VALUES (DEFAULT,'Event 5',3,'2016-05-17 15:58:49.394 +00:00','2016-05-17 15:58:49.394 +00:00') RETURNING *;
Executing (default): INSERT INTO "events" ("id","name","capacity","createdAt","updatedAt") VALUES (DEFAULT,'Event 6',3,'2016-05-17 15:58:49.395 +00:00','2016-05-17 15:58:49.395 +00:00') RETURNING *;
Executing (default): INSERT INTO "events" ("id","name","capacity","createdAt","updatedAt") VALUES (DEFAULT,'Event 7',3,'2016-05-17 15:58:49.395 +00:00','2016-05-17 15:58:49.395 +00:00') RETURNING *;
Executing (f7cccf94-0333-46b4-9156-e18513a75a0e): START TRANSACTION;
Executing (c9eea5b2-ea02-423c-9684-f6f1ff36ad95): START TRANSACTION;
Executing (e9a1c68a-29fc-4549-a5bc-2f293a66d545): START TRANSACTION;
Executing (90d24bb3-560f-4991-94bd-74c8432d75e8): START TRANSACTION;
Executing (aaf16316-0e26-4f3f-82cd-d46010079536): START TRANSACTION;
Executing (f7cccf94-0333-46b4-9156-e18513a75a0e): SET SESSION TRANSACTION ISOLATION LEVEL SERIALIZABLE;
Executing (c9eea5b2-ea02-423c-9684-f6f1ff36ad95): SET SESSION TRANSACTION ISOLATION LEVEL SERIALIZABLE;
Executing (e9a1c68a-29fc-4549-a5bc-2f293a66d545): SET SESSION TRANSACTION ISOLATION LEVEL SERIALIZABLE;
Executing (90d24bb3-560f-4991-94bd-74c8432d75e8): SET SESSION TRANSACTION ISOLATION LEVEL SERIALIZABLE;
Executing (aaf16316-0e26-4f3f-82cd-d46010079536): SET SESSION TRANSACTION ISOLATION LEVEL SERIALIZABLE;
Executing (f7cccf94-0333-46b4-9156-e18513a75a0e): SET autocommit = 1;
Executing (c9eea5b2-ea02-423c-9684-f6f1ff36ad95): SET autocommit = 1;
Executing (e9a1c68a-29fc-4549-a5bc-2f293a66d545): SET autocommit = 1;
Executing (90d24bb3-560f-4991-94bd-74c8432d75e8): SET autocommit = 1;
Executing (aaf16316-0e26-4f3f-82cd-d46010079536): SET autocommit = 1;
Executing (f7cccf94-0333-46b4-9156-e18513a75a0e): INSERT INTO "tickets" ("id","eventId","createdAt","updatedAt") VALUES (DEFAULT,1,'2016-05-17 15:58:49.546 +00:00','2016-05-17 15:58:49.546 +00:00') RETURNING *;
Executing (c9eea5b2-ea02-423c-9684-f6f1ff36ad95): INSERT INTO "tickets" ("id","eventId","createdAt","updatedAt") VALUES (DEFAULT,2,'2016-05-17 15:58:49.546 +00:00','2016-05-17 15:58:49.546 +00:00') RETURNING *;
Executing (e9a1c68a-29fc-4549-a5bc-2f293a66d545): INSERT INTO "tickets" ("id","eventId","createdAt","updatedAt") VALUES (DEFAULT,3,'2016-05-17 15:58:49.546 +00:00','2016-05-17 15:58:49.546 +00:00') RETURNING *;
Executing (90d24bb3-560f-4991-94bd-74c8432d75e8): INSERT INTO "tickets" ("id","eventId","createdAt","updatedAt") VALUES (DEFAULT,4,'2016-05-17 15:58:49.546 +00:00','2016-05-17 15:58:49.546 +00:00') RETURNING *;
Executing (aaf16316-0e26-4f3f-82cd-d46010079536): INSERT INTO "tickets" ("id","eventId","createdAt","updatedAt") VALUES (DEFAULT,5,'2016-05-17 15:58:49.546 +00:00','2016-05-17 15:58:49.546 +00:00') RETURNING *;
Executing (aaf16316-0e26-4f3f-82cd-d46010079536): SELECT
            events.id,
            events.capacity - COUNT(tickets.id) as count
        FROM events LEFT JOIN tickets
                ON tickets."eventId" = "events".id
        WHERE events.id = 5
        GROUP BY events.id, events.capacity
Executing (90d24bb3-560f-4991-94bd-74c8432d75e8): SELECT
            events.id,
            events.capacity - COUNT(tickets.id) as count
        FROM events LEFT JOIN tickets
                ON tickets."eventId" = "events".id
        WHERE events.id = 4
        GROUP BY events.id, events.capacity
Executing (f7cccf94-0333-46b4-9156-e18513a75a0e): SELECT
            events.id,
            events.capacity - COUNT(tickets.id) as count
        FROM events LEFT JOIN tickets
                ON tickets."eventId" = "events".id
        WHERE events.id = 1
        GROUP BY events.id, events.capacity
Executing (c9eea5b2-ea02-423c-9684-f6f1ff36ad95): SELECT
            events.id,
            events.capacity - COUNT(tickets.id) as count
        FROM events LEFT JOIN tickets
                ON tickets."eventId" = "events".id
        WHERE events.id = 2
        GROUP BY events.id, events.capacity
Executing (e9a1c68a-29fc-4549-a5bc-2f293a66d545): SELECT
            events.id,
            events.capacity - COUNT(tickets.id) as count
        FROM events LEFT JOIN tickets
                ON tickets."eventId" = "events".id
        WHERE events.id = 3
        GROUP BY events.id, events.capacity
{ id: 5, count: '2' }
Executing (aaf16316-0e26-4f3f-82cd-d46010079536): INSERT INTO "transactions" ("id","ticketId","createdAt","updatedAt") VALUES (DEFAULT,5,'2016-05-17 15:58:49.584 +00:00','2016-05-17 15:58:49.584 +00:00') RETURNING *;
{ id: 4, count: '2' }
{ id: 1, count: '2' }
{ id: 3, count: '2' }
{ id: 2, count: '2' }
Executing (90d24bb3-560f-4991-94bd-74c8432d75e8): INSERT INTO "transactions" ("id","ticketId","createdAt","updatedAt") VALUES (DEFAULT,4,'2016-05-17 15:58:49.588 +00:00','2016-05-17 15:58:49.588 +00:00') RETURNING *;
Executing (f7cccf94-0333-46b4-9156-e18513a75a0e): INSERT INTO "transactions" ("id","ticketId","createdAt","updatedAt") VALUES (DEFAULT,1,'2016-05-17 15:58:49.588 +00:00','2016-05-17 15:58:49.588 +00:00') RETURNING *;
Executing (e9a1c68a-29fc-4549-a5bc-2f293a66d545): INSERT INTO "transactions" ("id","ticketId","createdAt","updatedAt") VALUES (DEFAULT,3,'2016-05-17 15:58:49.588 +00:00','2016-05-17 15:58:49.588 +00:00') RETURNING *;
Executing (c9eea5b2-ea02-423c-9684-f6f1ff36ad95): INSERT INTO "transactions" ("id","ticketId","createdAt","updatedAt") VALUES (DEFAULT,2,'2016-05-17 15:58:49.588 +00:00','2016-05-17 15:58:49.588 +00:00') RETURNING *;
Executing (aaf16316-0e26-4f3f-82cd-d46010079536): COMMIT;
Executing (90d24bb3-560f-4991-94bd-74c8432d75e8): COMMIT;
Executing (e9a1c68a-29fc-4549-a5bc-2f293a66d545): COMMIT;
Executing (c9eea5b2-ea02-423c-9684-f6f1ff36ad95): COMMIT;
Executing (f7cccf94-0333-46b4-9156-e18513a75a0e): COMMIT;
Executing (4deba15b-c31f-4df7-8d0e-75ff082e2794): START TRANSACTION;
Executing (4deba15b-c31f-4df7-8d0e-75ff082e2794): SET SESSION TRANSACTION ISOLATION LEVEL SERIALIZABLE;
Executing (4deba15b-c31f-4df7-8d0e-75ff082e2794): SET autocommit = 1;
Executing (4deba15b-c31f-4df7-8d0e-75ff082e2794): INSERT INTO "tickets" ("id","eventId","createdAt","updatedAt") VALUES (DEFAULT,6,'2016-05-17 15:58:49.605 +00:00','2016-05-17 15:58:49.605 +00:00') RETURNING *;
Executing (4deba15b-c31f-4df7-8d0e-75ff082e2794): SELECT
            events.id,
            events.capacity - COUNT(tickets.id) as count
        FROM events LEFT JOIN tickets
                ON tickets."eventId" = "events".id
        WHERE events.id = 6
        GROUP BY events.id, events.capacity
Executing (21e8652e-cbff-411c-86f2-53f0ba4791bd): START TRANSACTION;
{ id: 6, count: '2' }
Executing (21e8652e-cbff-411c-86f2-53f0ba4791bd): SET SESSION TRANSACTION ISOLATION LEVEL SERIALIZABLE;
Executing (4deba15b-c31f-4df7-8d0e-75ff082e2794): INSERT INTO "transactions" ("id","ticketId","createdAt","updatedAt") VALUES (DEFAULT,6,'2016-05-17 15:58:49.612 +00:00','2016-05-17 15:58:49.612 +00:00') RETURNING *;
Executing (21e8652e-cbff-411c-86f2-53f0ba4791bd): SET autocommit = 1;
Executing (4deba15b-c31f-4df7-8d0e-75ff082e2794): COMMIT;
Executing (21e8652e-cbff-411c-86f2-53f0ba4791bd): INSERT INTO "tickets" ("id","eventId","createdAt","updatedAt") VALUES (DEFAULT,7,'2016-05-17 15:58:49.618 +00:00','2016-05-17 15:58:49.618 +00:00') RETURNING *;
Executing (21e8652e-cbff-411c-86f2-53f0ba4791bd): SELECT
            events.id,
            events.capacity - COUNT(tickets.id) as count
        FROM events LEFT JOIN tickets
                ON tickets."eventId" = "events".id
        WHERE events.id = 7
        GROUP BY events.id, events.capacity
{ id: 7, count: '2' }
Executing (21e8652e-cbff-411c-86f2-53f0ba4791bd): INSERT INTO "transactions" ("id","ticketId","createdAt","updatedAt") VALUES (DEFAULT,7,'2016-05-17 15:58:49.628 +00:00','2016-05-17 15:58:49.628 +00:00') RETURNING *;
Executing (21e8652e-cbff-411c-86f2-53f0ba4791bd): COMMIT;
Executing (default): SELECT "id", "eventId", "createdAt", "updatedAt" FROM "tickets" AS "ticket";
{ id: 1,
  eventId: 1,
  createdAt: Tue May 17 2016 23:58:49 GMT+0800 (MYT),
  updatedAt: Tue May 17 2016 23:58:49 GMT+0800 (MYT) }
{ id: 3,
  eventId: 3,
  createdAt: Tue May 17 2016 23:58:49 GMT+0800 (MYT),
  updatedAt: Tue May 17 2016 23:58:49 GMT+0800 (MYT) }
{ id: 4,
  eventId: 4,
  createdAt: Tue May 17 2016 23:58:49 GMT+0800 (MYT),
  updatedAt: Tue May 17 2016 23:58:49 GMT+0800 (MYT) }
{ id: 5,
  eventId: 5,
  createdAt: Tue May 17 2016 23:58:49 GMT+0800 (MYT),
  updatedAt: Tue May 17 2016 23:58:49 GMT+0800 (MYT) }
{ id: 6,
  eventId: 6,
  createdAt: Tue May 17 2016 23:58:49 GMT+0800 (MYT),
  updatedAt: Tue May 17 2016 23:58:49 GMT+0800 (MYT) }
{ id: 7,
  eventId: 7,
  createdAt: Tue May 17 2016 23:58:49 GMT+0800 (MYT),
  updatedAt: Tue May 17 2016 23:58:49 GMT+0800 (MYT) }
{ id: 2,
  eventId: 2,
  createdAt: Tue May 17 2016 23:58:49 GMT+0800 (MYT),
  updatedAt: Tue May 17 2016 23:58:49 GMT+0800 (MYT) }
Stopping cluster 9.3/regress...
