Creating new cluster 9.3/regress ...
  config /tmp/pg_virtualenv.itmbnR/postgresql/9.3/regress
  data   /tmp/pg_virtualenv.itmbnR/data/9.3/regress
  locale en_GB.UTF-8
Warning: The socket directory for owners other than 'postgres'
defaults to /tmp. You might want to change the unix_socket_directories parameter
in postgresql.conf to a more secure directory.
  port   5436
Executing (default): CREATE TABLE IF NOT EXISTS "events" ("id"   SERIAL , "name" VARCHAR(255), "capacity" INTEGER, "createdAt" TIMESTAMP WITH TIME ZONE NOT NULL, "updatedAt" TIMESTAMP WITH TIME ZONE NOT NULL, PRIMARY KEY ("id"));
Executing (default): SELECT i.relname AS name, ix.indisprimary AS primary, ix.indisunique AS unique, ix.indkey AS indkey, array_agg(a.attnum) as column_indexes, array_agg(a.attname) AS column_names, pg_get_indexdef(ix.indexrelid) AS definition FROM pg_class t, pg_class i, pg_index ix, pg_attribute a WHERE t.oid = ix.indrelid AND i.oid = ix.indexrelid AND a.attrelid = t.oid AND t.relkind = 'r' and t.relname = 'events' GROUP BY i.relname, ix.indexrelid, ix.indisprimary, ix.indisunique, ix.indkey ORDER BY i.relname;
Executing (default): CREATE TABLE IF NOT EXISTS "tickets" ("id"   SERIAL , "eventId" INTEGER REFERENCES "events" ("id"), "createdAt" TIMESTAMP WITH TIME ZONE NOT NULL, "updatedAt" TIMESTAMP WITH TIME ZONE NOT NULL, PRIMARY KEY ("id"));
Executing (default): SELECT i.relname AS name, ix.indisprimary AS primary, ix.indisunique AS unique, ix.indkey AS indkey, array_agg(a.attnum) as column_indexes, array_agg(a.attname) AS column_names, pg_get_indexdef(ix.indexrelid) AS definition FROM pg_class t, pg_class i, pg_index ix, pg_attribute a WHERE t.oid = ix.indrelid AND i.oid = ix.indexrelid AND a.attrelid = t.oid AND t.relkind = 'r' and t.relname = 'tickets' GROUP BY i.relname, ix.indexrelid, ix.indisprimary, ix.indisunique, ix.indkey ORDER BY i.relname;
Executing (default): CREATE INDEX "tickets_event_id" ON "tickets" ("eventId")
Executing (default): CREATE TABLE IF NOT EXISTS "transactions" ("id"   SERIAL , "ticketId" INTEGER REFERENCES "tickets" ("id"), "createdAt" TIMESTAMP WITH TIME ZONE NOT NULL, "updatedAt" TIMESTAMP WITH TIME ZONE NOT NULL, PRIMARY KEY ("id"));
Executing (default): SELECT i.relname AS name, ix.indisprimary AS primary, ix.indisunique AS unique, ix.indkey AS indkey, array_agg(a.attnum) as column_indexes, array_agg(a.attname) AS column_names, pg_get_indexdef(ix.indexrelid) AS definition FROM pg_class t, pg_class i, pg_index ix, pg_attribute a WHERE t.oid = ix.indrelid AND i.oid = ix.indexrelid AND a.attrelid = t.oid AND t.relkind = 'r' and t.relname = 'transactions' GROUP BY i.relname, ix.indexrelid, ix.indisprimary, ix.indisunique, ix.indkey ORDER BY i.relname;
Executing (default): INSERT INTO "events" ("id","name","capacity","createdAt","updatedAt") VALUES (DEFAULT,'Event 1',3,'2016-05-17 15:59:13.898 +00:00','2016-05-17 15:59:13.898 +00:00') RETURNING *;
Executing (default): INSERT INTO "events" ("id","name","capacity","createdAt","updatedAt") VALUES (DEFAULT,'Event 2',3,'2016-05-17 15:59:13.899 +00:00','2016-05-17 15:59:13.899 +00:00') RETURNING *;
Executing (default): INSERT INTO "events" ("id","name","capacity","createdAt","updatedAt") VALUES (DEFAULT,'Event 3',3,'2016-05-17 15:59:13.900 +00:00','2016-05-17 15:59:13.900 +00:00') RETURNING *;
Executing (default): INSERT INTO "events" ("id","name","capacity","createdAt","updatedAt") VALUES (DEFAULT,'Event 4',3,'2016-05-17 15:59:13.901 +00:00','2016-05-17 15:59:13.901 +00:00') RETURNING *;
Executing (default): INSERT INTO "events" ("id","name","capacity","createdAt","updatedAt") VALUES (DEFAULT,'Event 5',3,'2016-05-17 15:59:13.902 +00:00','2016-05-17 15:59:13.902 +00:00') RETURNING *;
Executing (default): INSERT INTO "events" ("id","name","capacity","createdAt","updatedAt") VALUES (DEFAULT,'Event 6',3,'2016-05-17 15:59:13.902 +00:00','2016-05-17 15:59:13.902 +00:00') RETURNING *;
Executing (default): INSERT INTO "events" ("id","name","capacity","createdAt","updatedAt") VALUES (DEFAULT,'Event 7',3,'2016-05-17 15:59:13.902 +00:00','2016-05-17 15:59:13.902 +00:00') RETURNING *;
Executing (default): INSERT INTO "tickets" ("id","eventId","createdAt","updatedAt") VALUES (DEFAULT,1,'2016-05-17 15:59:14.028 +00:00','2016-05-17 15:59:14.028 +00:00') RETURNING *;
Executing (default): INSERT INTO "tickets" ("id","eventId","createdAt","updatedAt") VALUES (DEFAULT,2,'2016-05-17 15:59:14.028 +00:00','2016-05-17 15:59:14.028 +00:00') RETURNING *;
Executing (default): INSERT INTO "tickets" ("id","eventId","createdAt","updatedAt") VALUES (DEFAULT,3,'2016-05-17 15:59:14.028 +00:00','2016-05-17 15:59:14.028 +00:00') RETURNING *;
Executing (default): INSERT INTO "tickets" ("id","eventId","createdAt","updatedAt") VALUES (DEFAULT,4,'2016-05-17 15:59:14.029 +00:00','2016-05-17 15:59:14.029 +00:00') RETURNING *;
Executing (default): INSERT INTO "tickets" ("id","eventId","createdAt","updatedAt") VALUES (DEFAULT,5,'2016-05-17 15:59:14.029 +00:00','2016-05-17 15:59:14.029 +00:00') RETURNING *;
Executing (default): INSERT INTO "tickets" ("id","eventId","createdAt","updatedAt") VALUES (DEFAULT,6,'2016-05-17 15:59:14.029 +00:00','2016-05-17 15:59:14.029 +00:00') RETURNING *;
Executing (default): INSERT INTO "tickets" ("id","eventId","createdAt","updatedAt") VALUES (DEFAULT,7,'2016-05-17 15:59:14.029 +00:00','2016-05-17 15:59:14.029 +00:00') RETURNING *;
Executing (a000f5a5-0551-4e68-9400-0bca9d772b96): START TRANSACTION;
Executing (91057485-d197-4b89-8d70-340d30e85c84): START TRANSACTION;
Executing (e72bc97c-f37e-4927-abe4-4abfb32fbe05): START TRANSACTION;
Executing (afd50b89-5757-468d-a6ad-1b21de245297): START TRANSACTION;
Executing (1dc834d7-5ac9-4f73-bd01-c3d9fb2fc0dd): START TRANSACTION;
Executing (a000f5a5-0551-4e68-9400-0bca9d772b96): SET SESSION TRANSACTION ISOLATION LEVEL SERIALIZABLE;
Executing (91057485-d197-4b89-8d70-340d30e85c84): SET SESSION TRANSACTION ISOLATION LEVEL SERIALIZABLE;
Executing (e72bc97c-f37e-4927-abe4-4abfb32fbe05): SET SESSION TRANSACTION ISOLATION LEVEL SERIALIZABLE;
Executing (afd50b89-5757-468d-a6ad-1b21de245297): SET SESSION TRANSACTION ISOLATION LEVEL SERIALIZABLE;
Executing (1dc834d7-5ac9-4f73-bd01-c3d9fb2fc0dd): SET SESSION TRANSACTION ISOLATION LEVEL SERIALIZABLE;
Executing (a000f5a5-0551-4e68-9400-0bca9d772b96): SET autocommit = 1;
Executing (91057485-d197-4b89-8d70-340d30e85c84): SET autocommit = 1;
Executing (e72bc97c-f37e-4927-abe4-4abfb32fbe05): SET autocommit = 1;
Executing (afd50b89-5757-468d-a6ad-1b21de245297): SET autocommit = 1;
Executing (1dc834d7-5ac9-4f73-bd01-c3d9fb2fc0dd): SET autocommit = 1;
Executing (a000f5a5-0551-4e68-9400-0bca9d772b96): INSERT INTO "tickets" ("id","eventId","createdAt","updatedAt") VALUES (DEFAULT,1,'2016-05-17 15:59:14.114 +00:00','2016-05-17 15:59:14.114 +00:00') RETURNING *;
Executing (91057485-d197-4b89-8d70-340d30e85c84): INSERT INTO "tickets" ("id","eventId","createdAt","updatedAt") VALUES (DEFAULT,2,'2016-05-17 15:59:14.114 +00:00','2016-05-17 15:59:14.114 +00:00') RETURNING *;
Executing (e72bc97c-f37e-4927-abe4-4abfb32fbe05): INSERT INTO "tickets" ("id","eventId","createdAt","updatedAt") VALUES (DEFAULT,3,'2016-05-17 15:59:14.114 +00:00','2016-05-17 15:59:14.114 +00:00') RETURNING *;
Executing (afd50b89-5757-468d-a6ad-1b21de245297): INSERT INTO "tickets" ("id","eventId","createdAt","updatedAt") VALUES (DEFAULT,4,'2016-05-17 15:59:14.114 +00:00','2016-05-17 15:59:14.114 +00:00') RETURNING *;
Executing (a000f5a5-0551-4e68-9400-0bca9d772b96): SELECT
            events.id,
            events.capacity - COUNT(tickets.id) as count
        FROM events LEFT JOIN tickets
                ON tickets."eventId" = "events".id
        WHERE events.id = 1
        GROUP BY events.id, events.capacity
Executing (91057485-d197-4b89-8d70-340d30e85c84): SELECT
            events.id,
            events.capacity - COUNT(tickets.id) as count
        FROM events LEFT JOIN tickets
                ON tickets."eventId" = "events".id
        WHERE events.id = 2
        GROUP BY events.id, events.capacity
Executing (e72bc97c-f37e-4927-abe4-4abfb32fbe05): SELECT
            events.id,
            events.capacity - COUNT(tickets.id) as count
        FROM events LEFT JOIN tickets
                ON tickets."eventId" = "events".id
        WHERE events.id = 3
        GROUP BY events.id, events.capacity
Executing (afd50b89-5757-468d-a6ad-1b21de245297): SELECT
            events.id,
            events.capacity - COUNT(tickets.id) as count
        FROM events LEFT JOIN tickets
                ON tickets."eventId" = "events".id
        WHERE events.id = 4
        GROUP BY events.id, events.capacity
Executing (1dc834d7-5ac9-4f73-bd01-c3d9fb2fc0dd): INSERT INTO "tickets" ("id","eventId","createdAt","updatedAt") VALUES (DEFAULT,5,'2016-05-17 15:59:14.127 +00:00','2016-05-17 15:59:14.127 +00:00') RETURNING *;
{ id: 1, count: '1' }
{ id: 2, count: '1' }
{ id: 3, count: '1' }
{ id: 4, count: '1' }
Executing (a000f5a5-0551-4e68-9400-0bca9d772b96): INSERT INTO "transactions" ("id","ticketId","createdAt","updatedAt") VALUES (DEFAULT,8,'2016-05-17 15:59:14.152 +00:00','2016-05-17 15:59:14.152 +00:00') RETURNING *;
Executing (91057485-d197-4b89-8d70-340d30e85c84): INSERT INTO "transactions" ("id","ticketId","createdAt","updatedAt") VALUES (DEFAULT,9,'2016-05-17 15:59:14.152 +00:00','2016-05-17 15:59:14.152 +00:00') RETURNING *;
Executing (e72bc97c-f37e-4927-abe4-4abfb32fbe05): INSERT INTO "transactions" ("id","ticketId","createdAt","updatedAt") VALUES (DEFAULT,10,'2016-05-17 15:59:14.152 +00:00','2016-05-17 15:59:14.152 +00:00') RETURNING *;
Executing (afd50b89-5757-468d-a6ad-1b21de245297): INSERT INTO "transactions" ("id","ticketId","createdAt","updatedAt") VALUES (DEFAULT,11,'2016-05-17 15:59:14.153 +00:00','2016-05-17 15:59:14.153 +00:00') RETURNING *;
Executing (a000f5a5-0551-4e68-9400-0bca9d772b96): COMMIT;
Executing (91057485-d197-4b89-8d70-340d30e85c84): COMMIT;
Executing (e72bc97c-f37e-4927-abe4-4abfb32fbe05): COMMIT;
Executing (afd50b89-5757-468d-a6ad-1b21de245297): COMMIT;
Executing (1dc834d7-5ac9-4f73-bd01-c3d9fb2fc0dd): SELECT
            events.id,
            events.capacity - COUNT(tickets.id) as count
        FROM events LEFT JOIN tickets
                ON tickets."eventId" = "events".id
        WHERE events.id = 5
        GROUP BY events.id, events.capacity
{ id: 5, count: '1' }
Executing (1dc834d7-5ac9-4f73-bd01-c3d9fb2fc0dd): INSERT INTO "transactions" ("id","ticketId","createdAt","updatedAt") VALUES (DEFAULT,12,'2016-05-17 15:59:14.170 +00:00','2016-05-17 15:59:14.170 +00:00') RETURNING *;
Executing (5d986ddf-2192-452e-9432-4343ab015c6c): START TRANSACTION;
Executing (5d986ddf-2192-452e-9432-4343ab015c6c): SET SESSION TRANSACTION ISOLATION LEVEL SERIALIZABLE;
Executing (1dc834d7-5ac9-4f73-bd01-c3d9fb2fc0dd): COMMIT;
Executing (5d986ddf-2192-452e-9432-4343ab015c6c): SET autocommit = 1;
Executing (5d986ddf-2192-452e-9432-4343ab015c6c): INSERT INTO "tickets" ("id","eventId","createdAt","updatedAt") VALUES (DEFAULT,6,'2016-05-17 15:59:14.182 +00:00','2016-05-17 15:59:14.182 +00:00') RETURNING *;
Executing (df5bbce1-691a-4b1e-8251-0e39d4ffb187): START TRANSACTION;
Executing (df5bbce1-691a-4b1e-8251-0e39d4ffb187): SET SESSION TRANSACTION ISOLATION LEVEL SERIALIZABLE;
Executing (5d986ddf-2192-452e-9432-4343ab015c6c): SELECT
            events.id,
            events.capacity - COUNT(tickets.id) as count
        FROM events LEFT JOIN tickets
                ON tickets."eventId" = "events".id
        WHERE events.id = 6
        GROUP BY events.id, events.capacity
Executing (df5bbce1-691a-4b1e-8251-0e39d4ffb187): SET autocommit = 1;
{ id: 6, count: '1' }
Executing (5d986ddf-2192-452e-9432-4343ab015c6c): INSERT INTO "transactions" ("id","ticketId","createdAt","updatedAt") VALUES (DEFAULT,13,'2016-05-17 15:59:14.189 +00:00','2016-05-17 15:59:14.189 +00:00') RETURNING *;
Executing (df5bbce1-691a-4b1e-8251-0e39d4ffb187): INSERT INTO "tickets" ("id","eventId","createdAt","updatedAt") VALUES (DEFAULT,7,'2016-05-17 15:59:14.189 +00:00','2016-05-17 15:59:14.189 +00:00') RETURNING *;
Executing (5d986ddf-2192-452e-9432-4343ab015c6c): COMMIT;
Executing (df5bbce1-691a-4b1e-8251-0e39d4ffb187): SELECT
            events.id,
            events.capacity - COUNT(tickets.id) as count
        FROM events LEFT JOIN tickets
                ON tickets."eventId" = "events".id
        WHERE events.id = 7
        GROUP BY events.id, events.capacity
{ id: 7, count: '1' }
Executing (df5bbce1-691a-4b1e-8251-0e39d4ffb187): INSERT INTO "transactions" ("id","ticketId","createdAt","updatedAt") VALUES (DEFAULT,14,'2016-05-17 15:59:14.196 +00:00','2016-05-17 15:59:14.196 +00:00') RETURNING *;
Executing (df5bbce1-691a-4b1e-8251-0e39d4ffb187): COMMIT;
Executing (default): SELECT "id", "eventId", "createdAt", "updatedAt" FROM "tickets" AS "ticket";
{ id: 1,
  eventId: 1,
  createdAt: Tue May 17 2016 23:59:14 GMT+0800 (MYT),
  updatedAt: Tue May 17 2016 23:59:14 GMT+0800 (MYT) }
{ id: 8,
  eventId: 1,
  createdAt: Tue May 17 2016 23:59:14 GMT+0800 (MYT),
  updatedAt: Tue May 17 2016 23:59:14 GMT+0800 (MYT) }
{ id: 13,
  eventId: 6,
  createdAt: Tue May 17 2016 23:59:14 GMT+0800 (MYT),
  updatedAt: Tue May 17 2016 23:59:14 GMT+0800 (MYT) }
{ id: 2,
  eventId: 2,
  createdAt: Tue May 17 2016 23:59:14 GMT+0800 (MYT),
  updatedAt: Tue May 17 2016 23:59:14 GMT+0800 (MYT) }
{ id: 3,
  eventId: 3,
  createdAt: Tue May 17 2016 23:59:14 GMT+0800 (MYT),
  updatedAt: Tue May 17 2016 23:59:14 GMT+0800 (MYT) }
{ id: 4,
  eventId: 4,
  createdAt: Tue May 17 2016 23:59:14 GMT+0800 (MYT),
  updatedAt: Tue May 17 2016 23:59:14 GMT+0800 (MYT) }
{ id: 5,
  eventId: 5,
  createdAt: Tue May 17 2016 23:59:14 GMT+0800 (MYT),
  updatedAt: Tue May 17 2016 23:59:14 GMT+0800 (MYT) }
{ id: 6,
  eventId: 6,
  createdAt: Tue May 17 2016 23:59:14 GMT+0800 (MYT),
  updatedAt: Tue May 17 2016 23:59:14 GMT+0800 (MYT) }
{ id: 7,
  eventId: 7,
  createdAt: Tue May 17 2016 23:59:14 GMT+0800 (MYT),
  updatedAt: Tue May 17 2016 23:59:14 GMT+0800 (MYT) }
{ id: 9,
  eventId: 2,
  createdAt: Tue May 17 2016 23:59:14 GMT+0800 (MYT),
  updatedAt: Tue May 17 2016 23:59:14 GMT+0800 (MYT) }
{ id: 10,
  eventId: 3,
  createdAt: Tue May 17 2016 23:59:14 GMT+0800 (MYT),
  updatedAt: Tue May 17 2016 23:59:14 GMT+0800 (MYT) }
{ id: 11,
  eventId: 4,
  createdAt: Tue May 17 2016 23:59:14 GMT+0800 (MYT),
  updatedAt: Tue May 17 2016 23:59:14 GMT+0800 (MYT) }
{ id: 12,
  eventId: 5,
  createdAt: Tue May 17 2016 23:59:14 GMT+0800 (MYT),
  updatedAt: Tue May 17 2016 23:59:14 GMT+0800 (MYT) }
{ id: 14,
  eventId: 7,
  createdAt: Tue May 17 2016 23:59:14 GMT+0800 (MYT),
  updatedAt: Tue May 17 2016 23:59:14 GMT+0800 (MYT) }
Stopping cluster 9.3/regress...
